<?xml version="1.0" encoding="UTF-8"?>
<!-- Generated by org.testng.reporters.JUnitReportReporter -->
<testsuite name="com.yaams.Rest.MainTest" tests="2" time="0.004" ignored="0" failures="0" timestamp="18 Apr 2017 02:29:19 GMT" skipped="0" hostname="GOPIKrishnas-MacBook-Pro.local" errors="0">
  <testcase name="addWebFiles" time="0.000" classname="com.yaams.Rest.MainTest"/>
  <testcase name="addServletHandler" time="0.004" classname="com.yaams.Rest.MainTest"/>
</testsuite> <!-- com.yaams.Rest.MainTest -->
